Using pre-set license
Built from '2021.3/staging' branch; Version is '2021.3.2f1 (d6360bedb9a0) revision 14038539'; Using compiler version '192829333'; Build Type 'Release'
OS: 'Windows 11  (10.0.22000) 64bit Core' Language: 'en' Physical Memory: 6082 MB
BatchMode: 1, IsHumanControllingUs: 0, StartBugReporterOnCrash: 0, Is64bit: 1, IsPro: 1

COMMAND LINE ARGUMENTS:
C:\Program Files\Unity\Hub\Editor\2021.3.2f1\Editor\Unity.exe
-adb2
-batchMode
-noUpm
-name
AssetImportWorker0
-projectPath
C:/Users/jurie/OneDrive/Escritorio/Darts_Project/Darts_projects
-logFile
Logs/AssetImportWorker0.log
-srvPort
52818
Successfully changed project path to: C:/Users/jurie/OneDrive/Escritorio/Darts_Project/Darts_projects
C:/Users/jurie/OneDrive/Escritorio/Darts_Project/Darts_projects
[UnityMemory] Configuration Parameters - Can be set up in boot.config
    "memorysetup-bucket-allocator-granularity=16"
    "memorysetup-bucket-allocator-bucket-count=8"
    "memorysetup-bucket-allocator-block-size=33554432"
    "memorysetup-bucket-allocator-block-count=8"
    "memorysetup-main-allocator-block-size=16777216"
    "memorysetup-thread-allocator-block-size=16777216"
    "memorysetup-gfx-main-allocator-block-size=16777216"
    "memorysetup-gfx-thread-allocator-block-size=16777216"
    "memorysetup-cache-allocator-block-size=4194304"
    "memorysetup-typetree-allocator-block-size=2097152"
    "memorysetup-profiler-bucket-allocator-granularity=16"
    "memorysetup-profiler-bucket-allocator-bucket-count=8"
    "memorysetup-profiler-bucket-allocator-block-size=33554432"
    "memorysetup-profiler-bucket-allocator-block-count=8"
    "memorysetup-profiler-allocator-block-size=16777216"
    "memorysetup-profiler-editor-allocator-block-size=1048576"
    "memorysetup-temp-allocator-size-main=16777216"
    "memorysetup-job-temp-allocator-block-size=2097152"
    "memorysetup-job-temp-allocator-block-size-background=1048576"
    "memorysetup-job-temp-allocator-reduction-small-platforms=262144"
    "memorysetup-temp-allocator-size-background-worker=32768"
    "memorysetup-temp-allocator-size-job-worker=262144"
    "memorysetup-temp-allocator-size-preload-manager=33554432"
    "memorysetup-temp-allocator-size-nav-mesh-worker=65536"
    "memorysetup-temp-allocator-size-audio-worker=65536"
    "memorysetup-temp-allocator-size-cloud-worker=32768"
    "memorysetup-temp-allocator-size-gi-baking-worker=262144"
    "memorysetup-temp-allocator-size-gfx=262144"
Refreshing native plugins compatible for Editor in 142.26 ms, found 3 plugins.
Preloading 0 native plugins for Editor in 0.00 ms.
Initialize engine version: 2021.3.2f1 (d6360bedb9a0)
[Subsystems] Discovering subsystems at path C:/Program Files/Unity/Hub/Editor/2021.3.2f1/Editor/Data/Resources/UnitySubsystems
[Subsystems] Discovering subsystems at path C:/Users/jurie/OneDrive/Escritorio/Darts_Project/Darts_projects/Assets
GfxDevice: creating device client; threaded=0; jobified=0
Direct3D:
    Version:  Direct3D 11.0 [level 11.1]
    Renderer: AMD Radeon(TM) Vega 8 Graphics (ID=0x15d8)
    Vendor:   ATI
    VRAM:     3041 MB
    Driver:   27.20.1028.1
Initialize mono
Mono path[0] = 'C:/Program Files/Unity/Hub/Editor/2021.3.2f1/Editor/Data/Managed'
Mono path[1] = 'C:/Program Files/Unity/Hub/Editor/2021.3.2f1/Editor/Data/MonoBleedingEdge/lib/mono/unityjit-win32'
Mono config path = 'C:/Program Files/Unity/Hub/Editor/2021.3.2f1/Editor/Data/MonoBleedingEdge/etc'
Using monoOptions --debugger-agent=transport=dt_socket,embedding=1,server=y,suspend=n,address=127.0.0.1:56500
Begin MonoManager ReloadAssembly
Registering precompiled unity dll's ...
Register platform support module: C:/Program Files/Unity/Hub/Editor/2021.3.2f1/Editor/Data/PlaybackEngines/AndroidPlayer/UnityEditor.Android.Extensions.dll
Register platform support module: C:/Program Files/Unity/Hub/Editor/2021.3.2f1/Editor/Data/PlaybackEngines/WindowsStandaloneSupport/UnityEditor.WindowsStandalone.Extensions.dll
Registered in 0.008882 seconds.
Native extension for WindowsStandalone target not found
Native extension for Android target not found
Refreshing native plugins compatible for Editor in 112.55 ms, found 3 plugins.
Preloading 0 native plugins for Editor in 0.00 ms.
Mono: successfully reloaded assembly
- Completed reload, in  0.981 seconds
Domain Reload Profiling:
	ReloadAssembly (982ms)
		BeginReloadAssembly (141ms)
			ExecutionOrderSort (0ms)
			DisableScriptedObjects (0ms)
			BackupInstance (0ms)
			ReleaseScriptingObjects (0ms)
			CreateAndSetChildDomain (2ms)
		EndReloadAssembly (673ms)
			LoadAssemblies (137ms)
			RebuildTransferFunctionScriptingTraits (0ms)
			SetupTypeCache (142ms)
			ReleaseScriptCaches (0ms)
			RebuildScriptCaches (48ms)
			SetupLoadedEditorAssemblies (410ms)
				LogAssemblyErrors (0ms)
				InitializePlatformSupportModulesInManaged (91ms)
				SetLoadedEditorAssemblies (0ms)
				RefreshPlugins (113ms)
				BeforeProcessingInitializeOnLoad (2ms)
				ProcessInitializeOnLoadAttributes (144ms)
				ProcessInitializeOnLoadMethodAttributes (60ms)
				AfterProcessingInitializeOnLoad (0ms)
				EditorAssembliesLoaded (0ms)
			ExecutionOrderSort2 (0ms)
			AwakeInstancesAfterBackupRestoration (0ms)
Platform modules already initialized, skipping
Registering precompiled user dll's ...
Registered in 0.007186 seconds.
Begin MonoManager ReloadAssembly
Symbol file LoadedFromMemory doesn't match image C:\Users\jurie\OneDrive\Escritorio\Darts_Project\Darts_projects\Library\PackageCache\com.unity.visualscripting@1.7.6\Editor\VisualScripting.Core\Dependencies\YamlDotNet\Unity.VisualScripting.YamlDotNet.dll
Symbol file LoadedFromMemory doesn't match image C:\Users\jurie\OneDrive\Escritorio\Darts_Project\Darts_projects\Library\PackageCache\com.unity.visualscripting@1.7.6\Editor\VisualScripting.Core\Dependencies\DotNetZip\Unity.VisualScripting.IonicZip.dll
Native extension for WindowsStandalone target not found
Native extension for Android target not found
Refreshing native plugins compatible for Editor in 0.81 ms, found 3 plugins.
Preloading 0 native plugins for Editor in 0.00 ms.
Mono: successfully reloaded assembly
- Completed reload, in  1.718 seconds
Domain Reload Profiling:
	ReloadAssembly (1719ms)
		BeginReloadAssembly (289ms)
			ExecutionOrderSort (0ms)
			DisableScriptedObjects (8ms)
			BackupInstance (0ms)
			ReleaseScriptingObjects (0ms)
			CreateAndSetChildDomain (130ms)
		EndReloadAssembly (1248ms)
			LoadAssemblies (157ms)
			RebuildTransferFunctionScriptingTraits (0ms)
			SetupTypeCache (377ms)
			ReleaseScriptCaches (1ms)
			RebuildScriptCaches (95ms)
			SetupLoadedEditorAssemblies (587ms)
				LogAssemblyErrors (0ms)
				InitializePlatformSupportModulesInManaged (27ms)
				SetLoadedEditorAssemblies (1ms)
				RefreshPlugins (1ms)
				BeforeProcessingInitializeOnLoad (133ms)
				ProcessInitializeOnLoadAttributes (369ms)
				ProcessInitializeOnLoadMethodAttributes (43ms)
				AfterProcessingInitializeOnLoad (13ms)
				EditorAssembliesLoaded (0ms)
			ExecutionOrderSort2 (0ms)
			AwakeInstancesAfterBackupRestoration (8ms)
Platform modules already initialized, skipping
========================================================================
Worker process is ready to serve import requests
Launched and connected shader compiler UnityShaderCompiler.exe after 0.06 seconds
Refreshing native plugins compatible for Editor in 0.79 ms, found 3 plugins.
Preloading 0 native plugins for Editor in 0.00 ms.
Unloading 3360 Unused Serialized files (Serialized files now loaded: 0)
Unloading 26 unused Assets / (112.5 KB). Loaded Objects now: 3819.
Memory consumption went from 115.7 MB to 115.6 MB.
Total: 7.693500 ms (FindLiveObjects: 0.510400 ms CreateObjectMapping: 0.372000 ms MarkObjects: 6.641400 ms  DeleteObjects: 0.168200 ms)

AssetImportParameters requested are different than current active one (requested -> active):
  custom:video-decoder-ogg-theora: a1e56fd34408186e4bbccfd4996cb3dc -> 
  custom:container-muxer-webm: aa71ff27fc2769a1b78a27578f13a17b -> 
  custom:container-demuxer-webm: 4f35f7cbe854078d1ac9338744f61a02 -> 
  custom:video-encoder-webm-vp8: eb34c28f22e8b96e1ab97ce403110664 -> 
  custom:audio-encoder-webm-vorbis: bf7c407c2cedff20999df2af8eb42d56 -> 
  custom:framework-win-MediaFoundation: 216162199b28c13a410421893ffa2e32 -> 
  custom:container-demuxer-ogg: 62fdf1f143b41e24485cea50d1cbac27 -> 
  custom:video-decoder-webm-vp8: 9c59270c3fd7afecdb556c50c9e8de78 -> 
  custom:audio-decoder-ogg-vorbis: bf7c407c2cedff20999df2af8eb42d56 -> 
========================================================================
Received Import Request.
  Time since last request: 2090535.322483 seconds.
  path: Assets/Scripts
  artifactKey: Guid(faacb31f47757d94fb8e69ac866ffbdd) Importer(815301076,1909f56bfc062723c751e8b465ee728b)
Start importing Assets/Scripts using Guid(faacb31f47757d94fb8e69ac866ffbdd) Importer(815301076,1909f56bfc062723c751e8b465ee728b)  -> (artifact id: 'e179ace20c7bbebfb2a6d983c93b8944') in 0.019450 seconds 
========================================================================
Received Import Request.
  Time since last request: 6.461867 seconds.
  path: Assets/Sprites
  artifactKey: Guid(6e7845de712798942900d6a588bd46cf) Importer(815301076,1909f56bfc062723c751e8b465ee728b)
Start importing Assets/Sprites using Guid(6e7845de712798942900d6a588bd46cf) Importer(815301076,1909f56bfc062723c751e8b465ee728b)  -> (artifact id: 'c854e3010b739d91d165b8c7ee439179') in 0.010082 seconds 
========================================================================
Received Import Request.
  Time since last request: 11.232159 seconds.
  path: Assets/Models
  artifactKey: Guid(e867f6fa730a893419f982c828bc2822) Importer(815301076,1909f56bfc062723c751e8b465ee728b)
Start importing Assets/Models using Guid(e867f6fa730a893419f982c828bc2822) Importer(815301076,1909f56bfc062723c751e8b465ee728b)  -> (artifact id: 'a31756272db38cb7a783130a7d2934dd') in 0.011621 seconds 
========================================================================
Received Import Request.
  Time since last request: 6.235461 seconds.
  path: Assets/Sound
  artifactKey: Guid(d6e3e3536050f0144b679db145349e83) Importer(815301076,1909f56bfc062723c751e8b465ee728b)
Start importing Assets/Sound using Guid(d6e3e3536050f0144b679db145349e83) Importer(815301076,1909f56bfc062723c751e8b465ee728b)  -> (artifact id: 'f27fc8d9f4d4e34e2fcfa06526aaed35') in 0.011510 seconds 
========================================================================
Received Import Request.
  Time since last request: 13.592876 seconds.
  path: Assets/Sound/Music_tracks
  artifactKey: Guid(5cb27cb289b376247a9f49b6ae569a6d) Importer(815301076,1909f56bfc062723c751e8b465ee728b)
Start importing Assets/Sound/Music_tracks using Guid(5cb27cb289b376247a9f49b6ae569a6d) Importer(815301076,1909f56bfc062723c751e8b465ee728b)  -> (artifact id: '3ef74cc654c8e42f634f2b9d73125640') in 0.009684 seconds 
========================================================================
Received Import Request.
  Time since last request: 6.902471 seconds.
  path: Assets/Sound/Sound_tracks
  artifactKey: Guid(d2a826b4046d8aa45b72303fc244e5d7) Importer(815301076,1909f56bfc062723c751e8b465ee728b)
Start importing Assets/Sound/Sound_tracks using Guid(d2a826b4046d8aa45b72303fc244e5d7) Importer(815301076,1909f56bfc062723c751e8b465ee728b)  -> (artifact id: '027d9cbd9a8867448b372dfd178119e4') in 0.011356 seconds 
========================================================================
Received Import Request.
  Time since last request: 20.518017 seconds.
  path: Assets/Animations
  artifactKey: Guid(69ec7a4522ec844438a96d751f8a369b) Importer(815301076,1909f56bfc062723c751e8b465ee728b)
Start importing Assets/Animations using Guid(69ec7a4522ec844438a96d751f8a369b) Importer(815301076,1909f56bfc062723c751e8b465ee728b)  -> (artifact id: '2a0e0dfda020915dbf7d058356efb58f') in 0.009627 seconds 
========================================================================
Received Import Request.
  Time since last request: 7.906483 seconds.
  path: Assets/Scripts/Mecanics
  artifactKey: Guid(d364894bb8420c34aa24c3d291bc185d) Importer(815301076,1909f56bfc062723c751e8b465ee728b)
Start importing Assets/Scripts/Mecanics using Guid(d364894bb8420c34aa24c3d291bc185d) Importer(815301076,1909f56bfc062723c751e8b465ee728b)  -> (artifact id: 'f5140e05125de748a3f450ffd6330481') in 0.009423 seconds 
========================================================================
Received Import Request.
  Time since last request: 15.103780 seconds.
  path: Assets/Scripts/UI_UX
  artifactKey: Guid(22480b8c94c09134482d9305ec698568) Importer(815301076,1909f56bfc062723c751e8b465ee728b)
Start importing Assets/Scripts/UI_UX using Guid(22480b8c94c09134482d9305ec698568) Importer(815301076,1909f56bfc062723c751e8b465ee728b)  -> (artifact id: 'b3f73e399b45ed972971c9fa66e2ea18') in 0.011621 seconds 
========================================================================
Received Import Request.
  Time since last request: 49.481552 seconds.
  path: Assets/Sprites/UI_UX
  artifactKey: Guid(3a4c3abdd5caf044a82107e0f82ed705) Importer(815301076,1909f56bfc062723c751e8b465ee728b)
Start importing Assets/Sprites/UI_UX using Guid(3a4c3abdd5caf044a82107e0f82ed705) Importer(815301076,1909f56bfc062723c751e8b465ee728b)  -> (artifact id: '92f586ca5740c9a445b624ab7125b701') in 0.004980 seconds 
========================================================================
Received Import Request.
  Time since last request: 9.465722 seconds.
  path: Assets/Sprites/In_game
  artifactKey: Guid(c57895cffc98738469ff7981cbf5398e) Importer(815301076,1909f56bfc062723c751e8b465ee728b)
Start importing Assets/Sprites/In_game using Guid(c57895cffc98738469ff7981cbf5398e) Importer(815301076,1909f56bfc062723c751e8b465ee728b)  -> (artifact id: 'a5bca5472bfec73b9e930da18e536151') in 0.011295 seconds 
========================================================================
Received Import Request.
  Time since last request: 1979.025899 seconds.
  path: Assets/VFX
  artifactKey: Guid(13ecb534edd579740bbed37d962d46ee) Importer(815301076,1909f56bfc062723c751e8b465ee728b)
Start importing Assets/VFX using Guid(13ecb534edd579740bbed37d962d46ee) Importer(815301076,1909f56bfc062723c751e8b465ee728b)  -> (artifact id: '73fab4e227fab2ff5face0dc4b0fa69a') in 0.012858 seconds 
